<?xml version="1.0" encoding="UTF-8"?>
<!-- Generated by org.testng.reporters.JUnitReportReporter -->
<testsuite hostname="DESKTOP-K0O982J" name="steps.Restclass" tests="1" failures="0" timestamp="12 Jun 2021 06:59:49 GMT" time="4.044" errors="0">
  <testcase name="test_02" time="4.044" classname="steps.Restclass"/>
</testsuite> <!-- steps.Restclass -->
